cl : command line  warning D9035: option 'Gm' has been deprecated and will be removed in a future release
  FFT.cpp
  AMWaveFile.cpp
  AMVideoEngine.cpp
  AMVideoClip.cpp
  AMSurfaceRenderer.cpp
C:\Users\Junior\Documents\Projetos\PWSource\Angelica2\angelica3d\header\A3DPlatform.h(18,10): error C1083: Cannot open include file: 'd3d8.h': No such file or directory
  (compiling source file 'Source/AMVideoClip.cpp')
  
  AMSoundStream.cpp
  AMSoundEngine.cpp
  AMSoundDevice.cpp
  AMSoundBufferMan.cpp
  AMSoundBuffer.cpp
C:\Users\Junior\Documents\Projetos\PWSource\Angelica2\AngelicaMedia\Source\AMSoundBuffer.cpp(878,18): warning C4244: 'argument': conversion from 'double' to 'float', possible loss of data
  AMPI.cpp
  AMOggFile.cpp
C:\Users\Junior\Documents\Projetos\PWSource\Angelica2\Output\3rdsdk\include\vorbis\vorbisfile.h(53,18): warning C4244: 'argument': conversion from 'ogg_int64_t' to 'long', possible loss of data
  (compiling source file 'Source/AMOggFile.cpp')
  
C:\Users\Junior\Documents\Projetos\PWSource\Angelica2\AngelicaMedia\Source\AMOggFile.cpp(68,18): warning C4244: 'argument': conversion from 'ogg_int64_t' to 'int', possible loss of data
  AMMp3File.cpp
  AMEngine.cpp
  AMConfig.cpp
  AM3DSoundDevice.cpp
  AM3DSoundBuffer.cpp
C:\Users\Junior\Documents\Projetos\PWSource\Angelica2\angelica3d\header\A3DPlatform.h(18,10): error C1083: Cannot open include file: 'd3d8.h': No such file or directory
  (compiling source file 'Source/AM3DSoundBuffer.cpp')
  
  Generating Code...
